<?xml version="1.0" encoding="UTF-8"?>
<!-- Generated by org.testng.reporters.JUnitReportReporter -->
<testsuite hostname="Hp" failures="0" tests="6" name="api.test.DDTests" time="10.896" errors="0" timestamp="2024-11-03T17:18:57 IST" skipped="0">
  <testcase classname="api.test.DDTests" name="testPostUser" time="3.376"/>
  <system-out/>
  <testcase classname="api.test.DDTests" name="testPostUser" time="1.435"/>
  <system-out/>
  <testcase classname="api.test.DDTests" name="testPostUser" time="1.576"/>
  <system-out/>
  <testcase classname="api.test.DDTests" name="testDeleteuserByName" time="1.430"/>
  <system-out/>
  <testcase classname="api.test.DDTests" name="testDeleteuserByName" time="1.549"/>
  <system-out/>
  <testcase classname="api.test.DDTests" name="testDeleteuserByName" time="1.530"/>
  <system-out/>
</testsuite> <!-- api.test.DDTests -->
