<?xml version="1.0" encoding="UTF-8"?>
<!-- Generated by org.testng.reporters.JUnitReportReporter -->
<testsuite hostname="Hp" failures="0" tests="4" name="api.test.UserTest" time="6.288" errors="0" timestamp="2024-11-03T19:42:52 IST" skipped="0">
  <testcase classname="api.test.UserTest" name="testPostUser" time="2.728"/>
  <system-out/>
  <testcase classname="api.test.UserTest" name="testGetUserByName" time="1.195"/>
  <system-out/>
  <testcase classname="api.test.UserTest" name="testUpdateUserByName" time="1.173"/>
  <system-out/>
  <testcase classname="api.test.UserTest" name="testDeleteUserByName" time="1.192"/>
  <system-out/>
</testsuite> <!-- api.test.UserTest -->
