<?xml version="1.0" encoding="UTF-8"?>
<!-- Generated by org.testng.reporters.JUnitReportReporter -->
<testsuite hostname="Hp" failures="0" tests="4" name="api.test.UserTest2" time="8.123" errors="0" timestamp="2024-11-03T21:20:46 IST" skipped="0">
  <testcase classname="api.test.UserTest2" name="testPostUser" time="3.749"/>
  <system-out/>
  <testcase classname="api.test.UserTest2" name="testGetUserByName" time="1.416"/>
  <system-out/>
  <testcase classname="api.test.UserTest2" name="testUpdateUserByName" time="1.528"/>
  <system-out/>
  <testcase classname="api.test.UserTest2" name="testDeleteUserByName" time="1.430"/>
  <system-out/>
</testsuite> <!-- api.test.UserTest2 -->
